2015-12-19 16:42:20 Error: [PDOException] SQLSTATE[HY000] [1045] Access denied for user 'root'@'138.229.23.247' (using password: YES)
Request URL: /posts
Stack Trace:
#0 C:\wamp\www\cocors\vendor\cakephp\cakephp\src\Database\Driver\PDODriverTrait.php(48): PDO->__construct('mysql:host=z12i...', 'root', 'root', Array)
#1 C:\wamp\www\cocors\vendor\cakephp\cakephp\src\Database\Driver\Mysql.php(90): Cake\Database\Driver\Mysql->_connect('mysql:host=z12i...', Array)
#2 C:\wamp\www\cocors\vendor\cakephp\cakephp\src\Database\Schema\BaseSchema.php(45): Cake\Database\Driver\Mysql->connect()
#3 C:\wamp\www\cocors\vendor\cakephp\cakephp\src\Database\Dialect\MysqlDialectTrait.php(63): Cake\Database\Schema\BaseSchema->__construct(Object(Cake\Database\Driver\Mysql))
#4 C:\wamp\www\cocors\vendor\cakephp\cakephp\src\Database\Schema\Collection.php(52): Cake\Database\Driver\Mysql->schemaDialect()
#5 C:\wamp\www\cocors\vendor\cakephp\cakephp\src\Database\Schema\CachedCollection.php(43): Cake\Database\Schema\Collection->__construct(Object(Cake\Database\Connection))
#6 C:\wamp\www\cocors\vendor\cakephp\cakephp\src\Database\Connection.php(315): Cake\Database\Schema\CachedCollection->__construct(Object(Cake\Database\Connection), true)
#7 C:\wamp\www\cocors\vendor\cakephp\cakephp\src\ORM\Table.php(422): Cake\Database\Connection->schemaCollection()
#8 C:\wamp\www\cocors\vendor\cakephp\cakephp\src\ORM\Query.php(173): Cake\ORM\Table->schema()
#9 C:\wamp\www\cocors\vendor\cakephp\cakephp\src\ORM\Query.php(131): Cake\ORM\Query->addDefaultTypes(Object(App\Model\Table\PostsTable))
#10 C:\wamp\www\cocors\vendor\cakephp\cakephp\src\ORM\Table.php(1228): Cake\ORM\Query->__construct(Object(Cake\Database\Connection), Object(App\Model\Table\PostsTable))
#11 C:\wamp\www\cocors\vendor\cakephp\cakephp\src\ORM\Table.php(931): Cake\ORM\Table->query()
#12 C:\wamp\www\cocors\src\Controller\PostsController.php(54): Cake\ORM\Table->find('all')
#13 [internal function]: App\Controller\PostsController->index()
#14 C:\wamp\www\cocors\vendor\cakephp\cakephp\src\Controller\Controller.php(429): call_user_func_array(Array, Array)
#15 C:\wamp\www\cocors\vendor\cakephp\cakephp\src\Routing\Dispatcher.php(114): Cake\Controller\Controller->invokeAction()
#16 C:\wamp\www\cocors\vendor\cakephp\cakephp\src\Routing\Dispatcher.php(87): Cake\Routing\Dispatcher->_invoke(Object(App\Controller\PostsController))
#17 C:\wamp\www\cocors\webroot\index.php(37): Cake\Routing\Dispatcher->dispatch(Object(Cake\Network\Request), Object(Cake\Network\Response))
#18 {main}


2015-12-19 16:43:07 Error: [PDOException] SQLSTATE[HY000] [1045] Access denied for user 'root'@'138.229.23.247' (using password: YES)
Request URL: /posts
Stack Trace:
#0 C:\wamp\www\cocors\vendor\cakephp\cakephp\src\Database\Driver\PDODriverTrait.php(48): PDO->__construct('mysql:host=z12i...', 'root', 'root', Array)
#1 C:\wamp\www\cocors\vendor\cakephp\cakephp\src\Database\Driver\Mysql.php(90): Cake\Database\Driver\Mysql->_connect('mysql:host=z12i...', Array)
#2 C:\wamp\www\cocors\vendor\cakephp\cakephp\src\Database\Schema\BaseSchema.php(45): Cake\Database\Driver\Mysql->connect()
#3 C:\wamp\www\cocors\vendor\cakephp\cakephp\src\Database\Dialect\MysqlDialectTrait.php(63): Cake\Database\Schema\BaseSchema->__construct(Object(Cake\Database\Driver\Mysql))
#4 C:\wamp\www\cocors\vendor\cakephp\cakephp\src\Database\Schema\Collection.php(52): Cake\Database\Driver\Mysql->schemaDialect()
#5 C:\wamp\www\cocors\vendor\cakephp\cakephp\src\Database\Schema\CachedCollection.php(43): Cake\Database\Schema\Collection->__construct(Object(Cake\Database\Connection))
#6 C:\wamp\www\cocors\vendor\cakephp\cakephp\src\Database\Connection.php(315): Cake\Database\Schema\CachedCollection->__construct(Object(Cake\Database\Connection), true)
#7 C:\wamp\www\cocors\vendor\cakephp\cakephp\src\ORM\Table.php(422): Cake\Database\Connection->schemaCollection()
#8 C:\wamp\www\cocors\vendor\cakephp\cakephp\src\ORM\Query.php(173): Cake\ORM\Table->schema()
#9 C:\wamp\www\cocors\vendor\cakephp\cakephp\src\ORM\Query.php(131): Cake\ORM\Query->addDefaultTypes(Object(App\Model\Table\PostsTable))
#10 C:\wamp\www\cocors\vendor\cakephp\cakephp\src\ORM\Table.php(1228): Cake\ORM\Query->__construct(Object(Cake\Database\Connection), Object(App\Model\Table\PostsTable))
#11 C:\wamp\www\cocors\vendor\cakephp\cakephp\src\ORM\Table.php(931): Cake\ORM\Table->query()
#12 C:\wamp\www\cocors\src\Controller\PostsController.php(54): Cake\ORM\Table->find('all')
#13 [internal function]: App\Controller\PostsController->index()
#14 C:\wamp\www\cocors\vendor\cakephp\cakephp\src\Controller\Controller.php(429): call_user_func_array(Array, Array)
#15 C:\wamp\www\cocors\vendor\cakephp\cakephp\src\Routing\Dispatcher.php(114): Cake\Controller\Controller->invokeAction()
#16 C:\wamp\www\cocors\vendor\cakephp\cakephp\src\Routing\Dispatcher.php(87): Cake\Routing\Dispatcher->_invoke(Object(App\Controller\PostsController))
#17 C:\wamp\www\cocors\webroot\index.php(37): Cake\Routing\Dispatcher->dispatch(Object(Cake\Network\Request), Object(Cake\Network\Response))
#18 {main}


2015-12-19 17:53:47 Error: [Cake\Controller\Exception\MissingActionException] Action UsersController::email() could not be found, or is not accessible.
Exception Attributes: array (
  'controller' => 'UsersController',
  'action' => 'email',
  'prefix' => '',
  'plugin' => NULL,
)
Request URL: /users/email
Stack Trace:
#0 C:\wamp\www\cocors\vendor\cakephp\cakephp\src\Routing\Dispatcher.php(114): Cake\Controller\Controller->invokeAction()
#1 C:\wamp\www\cocors\vendor\cakephp\cakephp\src\Routing\Dispatcher.php(87): Cake\Routing\Dispatcher->_invoke(Object(App\Controller\UsersController))
#2 C:\wamp\www\cocors\webroot\index.php(37): Cake\Routing\Dispatcher->dispatch(Object(Cake\Network\Request), Object(Cake\Network\Response))
#3 {main}


2015-12-19 17:56:54 Error: Fatal Error (4): syntax error, unexpected 'type' (T_STRING) in [C:\wamp\www\cocors\src\Template\Users\map.ctp, line 33]
Trace:
Cake\Error\BaseErrorHandler::handleFatalError() - CORE\src\Error\BaseErrorHandler.php, line 209
Cake\Error\BaseErrorHandler::Cake\Error\{closure}() - CORE\src\Error\BaseErrorHandler.php, line 92
[main] - [internal], line ??



2015-12-19 17:56:54 Error: [Cake\Error\FatalErrorException] syntax error, unexpected 'type' (T_STRING)
Request URL: /users/map
Stack Trace:
#0 C:\wamp\www\cocors\vendor\cakephp\cakephp\src\Error\BaseErrorHandler.php(92): Cake\Error\BaseErrorHandler->handleFatalError(4, 'syntax error, u...', 'C:\\wamp\\www\\coc...', 33)
#1 [internal function]: Cake\Error\BaseErrorHandler->Cake\Error\{closure}()
#2 {main}


2015-12-19 18:47:35 Error: [Cake\Routing\Exception\MissingControllerException] Controller class Css could not be found.
Exception Attributes: array (
  'class' => 'Css',
  'plugin' => NULL,
  'prefix' => NULL,
  '_ext' => NULL,
)
Request URL: /css/images/ui-bg_flat_75_ffffff_40x100.png
Stack Trace:
#0 C:\wamp\www\cocors\webroot\index.php(37): Cake\Routing\Dispatcher->dispatch(Object(Cake\Network\Request), Object(Cake\Network\Response))
#1 {main}


